{"/home/franklioxygen/blog/public/javascripts/custom/ng-app.js":{"path":"/home/franklioxygen/blog/public/javascripts/custom/ng-app.js","s":{"1":1,"2":0,"3":0,"4":0,"5":0,"6":0,"7":0,"8":0,"9":0,"10":0,"11":0,"12":0,"13":0,"14":0,"15":0,"16":0,"17":0,"18":0,"19":0,"20":0,"21":0,"22":0,"23":0,"24":0,"25":0,"26":0},"b":{"1":[0,0],"2":[0,0],"3":[0,0]},"f":{"1":0,"2":0,"3":0,"4":0,"5":0,"6":0,"7":0,"8":0,"9":0,"10":0,"11":0,"12":0},"fnMap":{"1":{"name":"(anonymous_1)","line":7,"loc":{"start":{"line":7,"column":34},"end":{"line":7,"column":50}}},"2":{"name":"(anonymous_2)","line":8,"loc":{"start":{"line":8,"column":27},"end":{"line":8,"column":37}}},"3":{"name":"(anonymous_3)","line":19,"loc":{"start":{"line":19,"column":29},"end":{"line":19,"column":51}}},"4":{"name":"(anonymous_4)","line":20,"loc":{"start":{"line":20,"column":23},"end":{"line":20,"column":33}}},"5":{"name":"(anonymous_5)","line":23,"loc":{"start":{"line":23,"column":17},"end":{"line":23,"column":30}}},"6":{"name":"(anonymous_6)","line":33,"loc":{"start":{"line":33,"column":30},"end":{"line":33,"column":52}}},"7":{"name":"(anonymous_7)","line":34,"loc":{"start":{"line":34,"column":23},"end":{"line":34,"column":33}}},"8":{"name":"(anonymous_8)","line":37,"loc":{"start":{"line":37,"column":16},"end":{"line":37,"column":29}}},"9":{"name":"(anonymous_9)","line":48,"loc":{"start":{"line":48,"column":20},"end":{"line":48,"column":30}}},"10":{"name":"(anonymous_10)","line":58,"loc":{"start":{"line":58,"column":8},"end":{"line":58,"column":21}}},"11":{"name":"(anonymous_11)","line":60,"loc":{"start":{"line":60,"column":16},"end":{"line":60,"column":29}}},"12":{"name":"(anonymous_12)","line":65,"loc":{"start":{"line":65,"column":8},"end":{"line":65,"column":21}}}},"statementMap":{"1":{"start":{"line":4,"column":0},"end":{"line":4,"column":40}},"2":{"start":{"line":7,"column":0},"end":{"line":17,"column":3}},"3":{"start":{"line":8,"column":2},"end":{"line":15,"column":3}},"4":{"start":{"line":9,"column":4},"end":{"line":11,"column":5}},"5":{"start":{"line":10,"column":6},"end":{"line":10,"column":60}},"6":{"start":{"line":12,"column":4},"end":{"line":14,"column":5}},"7":{"start":{"line":13,"column":6},"end":{"line":13,"column":61}},"8":{"start":{"line":19,"column":0},"end":{"line":31,"column":3}},"9":{"start":{"line":20,"column":2},"end":{"line":30,"column":4}},"10":{"start":{"line":21,"column":4},"end":{"line":29,"column":5}},"11":{"start":{"line":22,"column":6},"end":{"line":25,"column":14}},"12":{"start":{"line":24,"column":13},"end":{"line":24,"column":37}},"13":{"start":{"line":28,"column":6},"end":{"line":28,"column":26}},"14":{"start":{"line":33,"column":0},"end":{"line":69,"column":3}},"15":{"start":{"line":34,"column":2},"end":{"line":40,"column":4}},"16":{"start":{"line":35,"column":2},"end":{"line":35,"column":31}},"17":{"start":{"line":36,"column":2},"end":{"line":39,"column":14}},"18":{"start":{"line":38,"column":10},"end":{"line":38,"column":41}},"19":{"start":{"line":42,"column":2},"end":{"line":46,"column":4}},"20":{"start":{"line":48,"column":2},"end":{"line":68,"column":4}},"21":{"start":{"line":49,"column":6},"end":{"line":49,"column":35}},"22":{"start":{"line":50,"column":6},"end":{"line":55,"column":6}},"23":{"start":{"line":56,"column":2},"end":{"line":66,"column":9}},"24":{"start":{"line":59,"column":10},"end":{"line":63,"column":14}},"25":{"start":{"line":61,"column":10},"end":{"line":61,"column":41}},"26":{"start":{"line":62,"column":10},"end":{"line":62,"column":30}}},"branchMap":{"1":{"line":9,"type":"if","locations":[{"start":{"line":9,"column":4},"end":{"line":9,"column":4}},{"start":{"line":9,"column":4},"end":{"line":9,"column":4}}]},"2":{"line":12,"type":"if","locations":[{"start":{"line":12,"column":4},"end":{"line":12,"column":4}},{"start":{"line":12,"column":4},"end":{"line":12,"column":4}}]},"3":{"line":21,"type":"if","locations":[{"start":{"line":21,"column":4},"end":{"line":21,"column":4}},{"start":{"line":21,"column":4},"end":{"line":21,"column":4}}]}}}}